<?xml version="1.0" encoding="UTF-8"?>
<!-- Generated by org.testng.reporters.JUnitReportReporter -->
<testsuite hostname="BDC11-L-7200DN4" failures="0" tests="2" name="test123Deeoa.tets" time="29.683" errors="0" timestamp="09 Jan 2019 10:11:10 GMT" skipped="0">
  <testcase classname="test123Deeoa.tets" name="testd" time="14.420"/>
  <testcase classname="test123Deeoa.tets" name="testd" time="15.263"/>
</testsuite> <!-- test123Deeoa.tets -->
