<?xml version="1.0" encoding="UTF-8"?>
<!-- Generated by org.testng.reporters.JUnitReportReporter -->
<testsuite hostname="BDC11-L-7200DN4" failures="0" tests="1" name="test123Deeoa.NewTest" time="0.030" errors="0" timestamp="11 Oct 2018 11:00:58 GMT" skipped="0">
  <testcase classname="test123Deeoa.NewTest" name="f" time="0.030"/>
</testsuite> <!-- test123Deeoa.NewTest -->
